<?xml version="1.0" encoding="UTF-8"?>
<!-- Generated by org.testng.reporters.JUnitReportReporter -->
<testsuite hostname="Kieu-Nguyen" failures="0" tests="1" name="testCases.ValidateCheckOutMultipleItem" time="2.595" errors="0" timestamp="2023-05-24T22:32:21 EDT" skipped="0">
  <testcase classname="testCases.ValidateCheckOutMultipleItem" name="checkOutMultipleItem" time="2.595"/>
  <system-out/>
</testsuite> <!-- testCases.ValidateCheckOutMultipleItem -->
