<?xml version="1.0" encoding="UTF-8"?>
<!-- Generated by org.testng.reporters.JUnitReportReporter -->
<testsuite hostname="Kieu-Nguyen" failures="0" tests="2" name="RestAssured.APITest" time="1.248" errors="0" timestamp="2023-05-24T23:00:56 EDT" skipped="0">
  <testcase classname="RestAssured.APITest" name="getAllProducts" time="1.218"/>
  <system-out/>
  <testcase classname="RestAssured.APITest" name="getCategoryTwo" time="0.030"/>
  <system-out/>
</testsuite> <!-- RestAssured.APITest -->
