<?xml version="1.0" encoding="UTF-8"?>
<!-- Generated by org.testng.reporters.JUnitReportReporter -->
<testsuite hostname="Kieu-Nguyen" failures="0" tests="1" name="testCases.test" time="1.637" errors="0" timestamp="2023-05-23T23:28:02 EDT" skipped="0">
  <testcase classname="testCases.test" name="test" time="1.637"/>
  <system-out/>
</testsuite> <!-- testCases.test -->
