<?xml version="1.0" encoding="UTF-8"?>
<!-- Generated by org.testng.reporters.JUnitReportReporter -->
<testsuite hostname="Kieu-Nguyen" failures="0" tests="1" name="testCases.ValidateCheckOutMultipleItems" time="2.634" errors="0" timestamp="2023-05-24T22:43:18 EDT" skipped="0">
  <testcase classname="testCases.ValidateCheckOutMultipleItems" name="checkOutMultipleItem" time="2.634"/>
  <system-out/>
</testsuite> <!-- testCases.ValidateCheckOutMultipleItems -->
