<?xml version="1.0" encoding="UTF-8"?>
<!-- Generated by org.testng.reporters.JUnitReportReporter -->
<testsuite hostname="Kieu-Nguyen" failures="0" tests="1" name="testCases.ValidateCheckOutOneItem" time="2.855" errors="0" timestamp="2023-05-24T22:43:18 EDT" skipped="0">
  <testcase classname="testCases.ValidateCheckOutOneItem" name="checkOutOneItem" time="2.855"/>
  <system-out/>
</testsuite> <!-- testCases.ValidateCheckOutOneItem -->
